0 info it worked if it ends with ok
1 verbose cli [ 'C:\\Program Files\\nodejs\\node.exe',
1 verbose cli   'C:\\Program Files\\nodejs\\node_modules\\npm\\bin\\npm-cli.js',
1 verbose cli   'install',
1 verbose cli   'pocketsphinx' ]
2 info using npm@3.10.10
3 info using node@v6.11.0
4 silly loadCurrentTree Starting
5 silly install loadCurrentTree
6 silly install readLocalPackageData
7 silly fetchPackageMetaData pocketsphinx
8 silly fetchNamedPackageData pocketsphinx
9 silly mapToRegistry name pocketsphinx
10 silly mapToRegistry using default registry
11 silly mapToRegistry registry https://registry.npmjs.org/
12 silly mapToRegistry data Result {
12 silly mapToRegistry   raw: 'pocketsphinx',
12 silly mapToRegistry   scope: null,
12 silly mapToRegistry   escapedName: 'pocketsphinx',
12 silly mapToRegistry   name: 'pocketsphinx',
12 silly mapToRegistry   rawSpec: '',
12 silly mapToRegistry   spec: 'latest',
12 silly mapToRegistry   type: 'tag' }
13 silly mapToRegistry uri https://registry.npmjs.org/pocketsphinx
14 verbose request uri https://registry.npmjs.org/pocketsphinx
15 verbose request no auth needed
16 info attempt registry request try #1 at 8:19:28 PM
17 verbose request id 247cb33067056a88
18 verbose etag W/"5833e27a-2b78"
19 verbose lastModified Tue, 22 Nov 2016 06:15:22 GMT
20 http request GET https://registry.npmjs.org/pocketsphinx
21 http 304 https://registry.npmjs.org/pocketsphinx
22 verbose headers { date: 'Sun, 25 Jun 2017 01:19:29 GMT',
22 verbose headers   via: '1.1 varnish',
22 verbose headers   'cache-control': 'max-age=300',
22 verbose headers   etag: 'W/"5833e27a-2b78"',
22 verbose headers   age: '0',
22 verbose headers   connection: 'keep-alive',
22 verbose headers   'x-served-by': 'cache-dfw1823-DFW',
22 verbose headers   'x-cache': 'MISS',
22 verbose headers   'x-cache-hits': '0',
22 verbose headers   'x-timer': 'S1498353570.873897,VS0,VE171',
22 verbose headers   vary: 'Accept-Encoding' }
23 silly get cb [ 304,
23 silly get   { date: 'Sun, 25 Jun 2017 01:19:29 GMT',
23 silly get     via: '1.1 varnish',
23 silly get     'cache-control': 'max-age=300',
23 silly get     etag: 'W/"5833e27a-2b78"',
23 silly get     age: '0',
23 silly get     connection: 'keep-alive',
23 silly get     'x-served-by': 'cache-dfw1823-DFW',
23 silly get     'x-cache': 'MISS',
23 silly get     'x-cache-hits': '0',
23 silly get     'x-timer': 'S1498353570.873897,VS0,VE171',
23 silly get     vary: 'Accept-Encoding' } ]
24 verbose etag https://registry.npmjs.org/pocketsphinx from cache
25 verbose get saving pocketsphinx to C:\Users\Joydeep\AppData\Roaming\npm-cache\registry.npmjs.org\pocketsphinx\.cache.json
26 verbose correctMkdir C:\Users\Joydeep\AppData\Roaming\npm-cache correctMkdir not in flight; initializing
27 silly install normalizeTree
28 silly loadCurrentTree Finishing
29 silly loadIdealTree Starting
30 silly install loadIdealTree
31 silly cloneCurrentTree Starting
32 silly install cloneCurrentTreeToIdealTree
33 silly cloneCurrentTree Finishing
34 silly loadShrinkwrap Starting
35 silly install loadShrinkwrap
36 silly loadShrinkwrap Finishing
37 silly loadAllDepsIntoIdealTree Starting
38 silly install loadAllDepsIntoIdealTree
39 silly resolveWithNewModule pocketsphinx@5.0.7 checking installable status
40 silly cache add args [ 'pocketsphinx', null ]
41 verbose cache add spec pocketsphinx
42 silly cache add parsed spec Result {
42 silly cache add   raw: 'pocketsphinx',
42 silly cache add   scope: null,
42 silly cache add   escapedName: 'pocketsphinx',
42 silly cache add   name: 'pocketsphinx',
42 silly cache add   rawSpec: '',
42 silly cache add   spec: 'latest',
42 silly cache add   type: 'tag' }
43 silly addNamed pocketsphinx@latest
44 verbose addNamed "latest" is being treated as a dist-tag for pocketsphinx
45 info addNameTag [ 'pocketsphinx', 'latest' ]
46 silly mapToRegistry name pocketsphinx
47 silly mapToRegistry using default registry
48 silly mapToRegistry registry https://registry.npmjs.org/
49 silly mapToRegistry data Result {
49 silly mapToRegistry   raw: 'pocketsphinx',
49 silly mapToRegistry   scope: null,
49 silly mapToRegistry   escapedName: 'pocketsphinx',
49 silly mapToRegistry   name: 'pocketsphinx',
49 silly mapToRegistry   rawSpec: '',
49 silly mapToRegistry   spec: 'latest',
49 silly mapToRegistry   type: 'tag' }
50 silly mapToRegistry uri https://registry.npmjs.org/pocketsphinx
51 verbose addNameTag registry:https://registry.npmjs.org/pocketsphinx not in flight; fetching
52 verbose get https://registry.npmjs.org/pocketsphinx not expired, no request
53 silly addNameTag next cb for pocketsphinx with tag latest
54 silly addNamed pocketsphinx@5.0.7
55 verbose addNamed "5.0.7" is a plain semver version for pocketsphinx
56 silly cache afterAdd pocketsphinx@5.0.7
57 verbose afterAdd C:\Users\Joydeep\AppData\Roaming\npm-cache\pocketsphinx\5.0.7\package\package.json not in flight; writing
58 verbose correctMkdir C:\Users\Joydeep\AppData\Roaming\npm-cache correctMkdir not in flight; initializing
59 verbose afterAdd C:\Users\Joydeep\AppData\Roaming\npm-cache\pocketsphinx\5.0.7\package\package.json written
60 silly fetchNamedPackageData fsevents
61 silly mapToRegistry name fsevents
62 silly mapToRegistry using default registry
63 silly mapToRegistry registry https://registry.npmjs.org/
64 silly mapToRegistry data Result {
64 silly mapToRegistry   raw: 'fsevents',
64 silly mapToRegistry   scope: null,
64 silly mapToRegistry   escapedName: 'fsevents',
64 silly mapToRegistry   name: 'fsevents',
64 silly mapToRegistry   rawSpec: '',
64 silly mapToRegistry   spec: 'latest',
64 silly mapToRegistry   type: 'tag' }
65 silly mapToRegistry uri https://registry.npmjs.org/fsevents
66 verbose request uri https://registry.npmjs.org/fsevents
67 verbose request no auth needed
68 info attempt registry request try #1 at 8:19:30 PM
69 verbose etag W/"593f6cc8-dcc1"
70 verbose lastModified Tue, 13 Jun 2017 04:40:40 GMT
71 http request GET https://registry.npmjs.org/fsevents
72 http 304 https://registry.npmjs.org/fsevents
73 verbose headers { date: 'Sun, 25 Jun 2017 01:19:32 GMT',
73 verbose headers   via: '1.1 varnish',
73 verbose headers   'cache-control': 'max-age=300',
73 verbose headers   etag: 'W/"593f6cc8-dcc1"',
73 verbose headers   age: '254',
73 verbose headers   connection: 'keep-alive',
73 verbose headers   'x-served-by': 'cache-dfw1823-DFW',
73 verbose headers   'x-cache': 'HIT',
73 verbose headers   'x-cache-hits': '4',
73 verbose headers   'x-timer': 'S1498353572.169225,VS0,VE0',
73 verbose headers   vary: 'Accept-Encoding' }
74 silly get cb [ 304,
74 silly get   { date: 'Sun, 25 Jun 2017 01:19:32 GMT',
74 silly get     via: '1.1 varnish',
74 silly get     'cache-control': 'max-age=300',
74 silly get     etag: 'W/"593f6cc8-dcc1"',
74 silly get     age: '254',
74 silly get     connection: 'keep-alive',
74 silly get     'x-served-by': 'cache-dfw1823-DFW',
74 silly get     'x-cache': 'HIT',
74 silly get     'x-cache-hits': '4',
74 silly get     'x-timer': 'S1498353572.169225,VS0,VE0',
74 silly get     vary: 'Accept-Encoding' } ]
75 verbose etag https://registry.npmjs.org/fsevents from cache
76 verbose get saving fsevents to C:\Users\Joydeep\AppData\Roaming\npm-cache\registry.npmjs.org\fsevents\.cache.json
77 verbose correctMkdir C:\Users\Joydeep\AppData\Roaming\npm-cache correctMkdir not in flight; initializing
78 silly resolveWithNewModule fsevents@1.1.2 checking installable status
79 silly loadAllDepsIntoIdealTree Finishing
80 silly loadIdealTree Finishing
81 silly currentTree node-site@1.0.0
81 silly currentTree +-- @google-cloud/common-grpc@0.3.6
81 silly currentTree | `-- extend@3.0.1
81 silly currentTree +-- @google-cloud/common@0.13.3
81 silly currentTree | `-- extend@3.0.1
81 silly currentTree +-- @google-cloud/speech@0.9.3
81 silly currentTree | `-- extend@3.0.1
81 silly currentTree +-- abbrev@1.1.0
81 silly currentTree +-- abc@0.5.1
81 silly currentTree +-- accepts@1.3.3
81 silly currentTree +-- ajv@4.11.8
81 silly currentTree +-- amdefine@1.0.1
81 silly currentTree +-- ansi-regex@2.1.1
81 silly currentTree +-- ansi-styles@2.2.1
81 silly currentTree +-- anymatch@1.3.0
81 silly currentTree +-- arguejs@0.2.3
81 silly currentTree +-- arr-diff@2.0.0
81 silly currentTree +-- arr-flatten@1.0.3
81 silly currentTree +-- array-flatten@1.1.1
81 silly currentTree +-- array-uniq@1.0.3
81 silly currentTree +-- array-unique@0.2.1
81 silly currentTree +-- arrify@1.0.1
81 silly currentTree +-- ascli@1.0.1
81 silly currentTree +-- asn1@0.2.3
81 silly currentTree +-- assert-plus@0.2.0
81 silly currentTree +-- async-each@1.0.1
81 silly currentTree +-- async@0.9.2
81 silly currentTree +-- asynckit@0.4.0
81 silly currentTree +-- aws-sign2@0.6.0
81 silly currentTree +-- aws4@1.6.0
81 silly currentTree +-- balanced-match@1.0.0
81 silly currentTree +-- base64url@2.0.0
81 silly currentTree +-- batch@0.3.2
81 silly currentTree +-- bcrypt-pbkdf@1.0.1
81 silly currentTree +-- binary-extensions@1.8.0
81 silly currentTree +-- binaryjs@0.2.1
81 silly currentTree +-- binarypack@0.0.4
81 silly currentTree +-- boom@2.10.1
81 silly currentTree +-- brace-expansion@1.1.8
81 silly currentTree +-- braces@1.8.5
81 silly currentTree +-- buffer-equal-constant-time@1.0.1
81 silly currentTree +-- buffercursor@0.0.12
81 silly currentTree | +-- assert-plus@1.0.0
81 silly currentTree | +-- extsprintf@1.3.0
81 silly currentTree | `-- verror@1.10.0
81 silly currentTree +-- bytebuffer@5.0.1
81 silly currentTree +-- camelcase@2.1.1
81 silly currentTree +-- capture-stack-trace@1.0.0
81 silly currentTree +-- caseless@0.11.0
81 silly currentTree +-- chalk@1.1.3
81 silly currentTree +-- chokidar@1.7.0
81 silly currentTree +-- cliui@3.2.0
81 silly currentTree +-- co@4.6.0
81 silly currentTree +-- code-point-at@1.1.0
81 silly currentTree +-- colour@0.7.1
81 silly currentTree +-- combined-stream@0.0.7
81 silly currentTree +-- commander@2.9.0
81 silly currentTree +-- component-emitter@1.1.2
81 silly currentTree +-- concat-map@0.0.1
81 silly currentTree +-- concat-stream@1.6.0
81 silly currentTree +-- configstore@1.4.0
81 silly currentTree +-- content-disposition@0.5.2
81 silly currentTree +-- content-type@1.0.2
81 silly currentTree +-- cookie-signature@1.0.6
81 silly currentTree +-- cookie@0.3.1
81 silly currentTree +-- cookiejar@2.0.1
81 silly currentTree +-- core-util-is@1.0.2
81 silly currentTree +-- create-error-class@3.0.2
81 silly currentTree +-- create-temp-file@1.0.0
81 silly currentTree +-- cryptiles@2.0.5
81 silly currentTree +-- dashdash@1.14.1
81 silly currentTree | `-- assert-plus@1.0.0
81 silly currentTree +-- debug-log@1.0.1
81 silly currentTree +-- debug@2.6.7
81 silly currentTree +-- decamelize@1.2.0
81 silly currentTree +-- deep-extend@0.4.2
81 silly currentTree +-- delayed-stream@0.0.5
81 silly currentTree +-- depd@1.1.0
81 silly currentTree +-- destroy@1.0.4
81 silly currentTree +-- dot-prop@2.4.0
81 silly currentTree +-- duplexer@0.1.1
81 silly currentTree +-- duplexify@3.5.0
81 silly currentTree +-- ecc-jsbn@0.1.1
81 silly currentTree +-- ecdsa-sig-formatter@1.0.9
81 silly currentTree +-- ee-first@1.1.1
81 silly currentTree +-- ejs@2.5.6
81 silly currentTree +-- encodeurl@1.0.1
81 silly currentTree +-- end-of-stream@1.0.0
81 silly currentTree +-- ent@2.2.0
81 silly currentTree +-- es6-promise@3.3.1
81 silly currentTree +-- escape-html@1.0.3
81 silly currentTree +-- escape-string-regexp@1.0.5
81 silly currentTree +-- etag@1.8.0
81 silly currentTree +-- event-stream@3.3.4
81 silly currentTree +-- events-intercept@2.0.0
81 silly currentTree +-- expand-brackets@0.1.5
81 silly currentTree +-- expand-range@1.8.2
81 silly currentTree +-- express-ejs-layouts@2.3.0
81 silly currentTree +-- express@4.15.3
81 silly currentTree +-- extend@1.2.1
81 silly currentTree +-- extglob@0.3.2
81 silly currentTree +-- extsprintf@1.0.2
81 silly currentTree +-- eyes@0.1.8
81 silly currentTree +-- ffmpeg@0.0.4
81 silly currentTree +-- filename-regex@2.0.1
81 silly currentTree +-- fill-range@2.2.3
81 silly currentTree +-- finalhandler@1.0.3
81 silly currentTree +-- find-root@1.0.0
81 silly currentTree +-- flac@0.3.0
81 silly currentTree +-- fluent-ffmpeg@2.1.2
81 silly currentTree +-- for-in@1.0.2
81 silly currentTree +-- for-own@0.1.5
81 silly currentTree +-- forever-agent@0.6.1
81 silly currentTree +-- form-data@0.2.0
81 silly currentTree | +-- mime-db@1.12.0
81 silly currentTree | `-- mime-types@2.0.14
81 silly currentTree +-- formidable@1.0.14
81 silly currentTree +-- forwarded@0.1.0
81 silly currentTree +-- fresh@0.5.0
81 silly currentTree +-- from@0.1.7
81 silly currentTree +-- fs.realpath@1.0.0
81 silly currentTree +-- fsa@0.5.1
81 silly currentTree +-- gcp-metadata@0.1.0
81 silly currentTree | +-- combined-stream@1.0.5
81 silly currentTree | +-- delayed-stream@1.0.0
81 silly currentTree | +-- extend@3.0.1
81 silly currentTree | +-- form-data@2.1.4
81 silly currentTree | +-- qs@6.3.2
81 silly currentTree | +-- request@2.76.0
81 silly currentTree | `-- retry-request@1.3.2
81 silly currentTree +-- generate-function@2.0.0
81 silly currentTree +-- generate-object-property@1.2.0
81 silly currentTree +-- getpass@0.1.7
81 silly currentTree | `-- assert-plus@1.0.0
81 silly currentTree +-- glob-base@0.3.0
81 silly currentTree +-- glob-parent@2.0.0
81 silly currentTree +-- glob@7.1.2
81 silly currentTree +-- google-auth-library@0.10.0
81 silly currentTree +-- google-auto-auth@0.6.1
81 silly currentTree | +-- async@2.4.1
81 silly currentTree | +-- lodash@4.17.4
81 silly currentTree | `-- object-assign@3.0.0
81 silly currentTree +-- google-gax@0.13.4
81 silly currentTree | +-- async@2.4.1
81 silly currentTree | +-- extend@3.0.1
81 silly currentTree | +-- google-auto-auth@0.5.4
81 silly currentTree | +-- google-proto-files@0.9.1
81 silly currentTree | +-- lodash@4.17.4
81 silly currentTree | `-- object-assign@3.0.0
81 silly currentTree +-- google-p12-pem@0.1.2
81 silly currentTree +-- google-proto-files@0.12.0
81 silly currentTree +-- google-speech-api@1.2.0
81 silly currentTree +-- got@3.3.1
81 silly currentTree | `-- object-assign@3.0.0
81 silly currentTree +-- graceful-fs@4.1.11
81 silly currentTree +-- graceful-readlink@1.0.1
81 silly currentTree +-- grpc@1.3.8
81 silly currentTree | +-- lodash@4.17.4
81 silly currentTree | `-- node-pre-gyp@0.6.36
81 silly currentTree |   +-- mkdirp@0.5.1
81 silly currentTree |   | `-- minimist@0.0.8
81 silly currentTree |   +-- nopt@4.0.1
81 silly currentTree |   | +-- abbrev@1.1.0
81 silly currentTree |   | `-- osenv@0.1.4
81 silly currentTree |   |   +-- os-homedir@1.0.2
81 silly currentTree |   |   `-- os-tmpdir@1.0.2
81 silly currentTree |   +-- npmlog@4.1.0
81 silly currentTree |   | +-- are-we-there-yet@1.1.4
81 silly currentTree |   | | +-- delegates@1.0.0
81 silly currentTree |   | | `-- readable-stream@2.2.10
81 silly currentTree |   | |   +-- core-util-is@1.0.2
81 silly currentTree |   | |   +-- inherits@2.0.3
81 silly currentTree |   | |   +-- isarray@1.0.0
81 silly currentTree |   | |   +-- process-nextick-args@1.0.7
81 silly currentTree |   | |   +-- safe-buffer@5.1.0
81 silly currentTree |   | |   +-- string_decoder@1.0.1
81 silly currentTree |   | |   `-- util-deprecate@1.0.2
81 silly currentTree |   | +-- console-control-strings@1.1.0
81 silly currentTree |   | +-- gauge@2.7.4
81 silly currentTree |   | | +-- aproba@1.1.2
81 silly currentTree |   | | +-- has-unicode@2.0.1
81 silly currentTree |   | | +-- object-assign@4.1.1
81 silly currentTree |   | | +-- signal-exit@3.0.2
81 silly currentTree |   | | +-- string-width@1.0.2
81 silly currentTree |   | | | +-- code-point-at@1.1.0
81 silly currentTree |   | | | `-- is-fullwidth-code-point@1.0.0
81 silly currentTree |   | | |   `-- number-is-nan@1.0.1
81 silly currentTree |   | | +-- strip-ansi@3.0.1
81 silly currentTree |   | | | `-- ansi-regex@2.1.1
81 silly currentTree |   | | `-- wide-align@1.1.2
81 silly currentTree |   | `-- set-blocking@2.0.0
81 silly currentTree |   +-- rc@1.2.1
81 silly currentTree |   | +-- deep-extend@0.4.2
81 silly currentTree |   | +-- ini@1.3.4
81 silly currentTree |   | +-- minimist@1.2.0
81 silly currentTree |   | `-- strip-json-comments@2.0.1
81 silly currentTree |   +-- request@2.81.0
81 silly currentTree |   | +-- aws-sign2@0.6.0
81 silly currentTree |   | +-- aws4@1.6.0
81 silly currentTree |   | +-- caseless@0.12.0
81 silly currentTree |   | +-- combined-stream@1.0.5
81 silly currentTree |   | | `-- delayed-stream@1.0.0
81 silly currentTree |   | +-- extend@3.0.1
81 silly currentTree |   | +-- forever-agent@0.6.1
81 silly currentTree |   | +-- form-data@2.1.4
81 silly currentTree |   | | `-- asynckit@0.4.0
81 silly currentTree |   | +-- har-validator@4.2.1
81 silly currentTree |   | | +-- ajv@4.11.8
81 silly currentTree |   | | | +-- co@4.6.0
81 silly currentTree |   | | | `-- json-stable-stringify@1.0.1
81 silly currentTree |   | | |   `-- jsonify@0.0.0
81 silly currentTree |   | | `-- har-schema@1.0.5
81 silly currentTree |   | +-- hawk@3.1.3
81 silly currentTree |   | | +-- boom@2.10.1
81 silly currentTree |   | | +-- cryptiles@2.0.5
81 silly currentTree |   | | +-- hoek@2.16.3
81 silly currentTree |   | | `-- sntp@1.0.9
81 silly currentTree |   | +-- http-signature@1.1.1
81 silly currentTree |   | | +-- assert-plus@0.2.0
81 silly currentTree |   | | +-- jsprim@1.4.0
81 silly currentTree |   | | | +-- assert-plus@1.0.0
81 silly currentTree |   | | | +-- extsprintf@1.0.2
81 silly currentTree |   | | | +-- json-schema@0.2.3
81 silly currentTree |   | | | `-- verror@1.3.6
81 silly currentTree |   | | `-- sshpk@1.13.0
81 silly currentTree |   | |   +-- asn1@0.2.3
81 silly currentTree |   | |   +-- assert-plus@1.0.0
81 silly currentTree |   | |   +-- bcrypt-pbkdf@1.0.1
81 silly currentTree |   | |   +-- dashdash@1.14.1
81 silly currentTree |   | |   +-- ecc-jsbn@0.1.1
81 silly currentTree |   | |   +-- getpass@0.1.7
81 silly currentTree |   | |   +-- jodid25519@1.0.2
81 silly currentTree |   | |   +-- jsbn@0.1.1
81 silly currentTree |   | |   `-- tweetnacl@0.14.5
81 silly currentTree |   | +-- is-typedarray@1.0.0
81 silly currentTree |   | +-- isstream@0.1.2
81 silly currentTree |   | +-- json-stringify-safe@5.0.1
81 silly currentTree |   | +-- mime-types@2.1.15
81 silly currentTree |   | | `-- mime-db@1.27.0
81 silly currentTree |   | +-- oauth-sign@0.8.2
81 silly currentTree |   | +-- performance-now@0.2.0
81 silly currentTree |   | +-- qs@6.4.0
81 silly currentTree |   | +-- safe-buffer@5.1.0
81 silly currentTree |   | +-- stringstream@0.0.5
81 silly currentTree |   | +-- tough-cookie@2.3.2
81 silly currentTree |   | | `-- punycode@1.4.1
81 silly currentTree |   | +-- tunnel-agent@0.6.0
81 silly currentTree |   | `-- uuid@3.0.1
81 silly currentTree |   +-- rimraf@2.6.1
81 silly currentTree |   | `-- glob@7.1.2
81 silly currentTree |   |   +-- fs.realpath@1.0.0
81 silly currentTree |   |   +-- inflight@1.0.6
81 silly currentTree |   |   | `-- wrappy@1.0.2
81 silly currentTree |   |   +-- inherits@2.0.3
81 silly currentTree |   |   +-- minimatch@3.0.4
81 silly currentTree |   |   | `-- brace-expansion@1.1.7
81 silly currentTree |   |   |   +-- balanced-match@0.4.2
81 silly currentTree |   |   |   `-- concat-map@0.0.1
81 silly currentTree |   |   +-- once@1.4.0
81 silly currentTree |   |   | `-- wrappy@1.0.2
81 silly currentTree |   |   `-- path-is-absolute@1.0.1
81 silly currentTree |   +-- semver@5.3.0
81 silly currentTree |   +-- tar-pack@3.4.0
81 silly currentTree |   | +-- debug@2.6.8
81 silly currentTree |   | | `-- ms@2.0.0
81 silly currentTree |   | +-- fstream-ignore@1.0.5
81 silly currentTree |   | | +-- inherits@2.0.3
81 silly currentTree |   | | `-- minimatch@3.0.4
81 silly currentTree |   | |   `-- brace-expansion@1.1.7
81 silly currentTree |   | |     +-- balanced-match@0.4.2
81 silly currentTree |   | |     `-- concat-map@0.0.1
81 silly currentTree |   | +-- fstream@1.0.11
81 silly currentTree |   | | +-- graceful-fs@4.1.11
81 silly currentTree |   | | `-- inherits@2.0.3
81 silly currentTree |   | +-- once@1.4.0
81 silly currentTree |   | | `-- wrappy@1.0.2
81 silly currentTree |   | +-- readable-stream@2.2.10
81 silly currentTree |   | | +-- core-util-is@1.0.2
81 silly currentTree |   | | +-- inherits@2.0.3
81 silly currentTree |   | | +-- isarray@1.0.0
81 silly currentTree |   | | +-- process-nextick-args@1.0.7
81 silly currentTree |   | | +-- safe-buffer@5.1.0
81 silly currentTree |   | | +-- string_decoder@1.0.1
81 silly currentTree |   | | `-- util-deprecate@1.0.2
81 silly currentTree |   | `-- uid-number@0.0.6
81 silly currentTree |   `-- tar@2.2.1
81 silly currentTree |     +-- block-stream@0.0.9
81 silly currentTree |     +-- fstream@1.0.11
81 silly currentTree |     | `-- graceful-fs@4.1.11
81 silly currentTree |     `-- inherits@2.0.3
81 silly currentTree +-- gtoken@1.2.2
81 silly currentTree +-- har-schema@1.0.5
81 silly currentTree +-- har-validator@2.0.6
81 silly currentTree +-- has-ansi@2.0.0
81 silly currentTree +-- hash-to-array@1.0.1
81 silly currentTree +-- hawk@3.1.3
81 silly currentTree +-- hoek@2.16.3
81 silly currentTree +-- http-errors@1.6.1
81 silly currentTree +-- http-signature@1.1.1
81 silly currentTree +-- ignore-by-default@1.0.1
81 silly currentTree +-- imurmurhash@0.1.4
81 silly currentTree +-- infinity-agent@2.0.3
81 silly currentTree +-- inflight@1.0.6
81 silly currentTree +-- inherits@2.0.3
81 silly currentTree +-- ini@1.3.4
81 silly currentTree +-- invert-kv@1.0.0
81 silly currentTree +-- ipaddr.js@1.3.0
81 silly currentTree +-- is-binary-path@1.0.1
81 silly currentTree +-- is-buffer@1.1.5
81 silly currentTree +-- is-dotfile@1.0.3
81 silly currentTree +-- is-equal-shallow@0.1.3
81 silly currentTree +-- is-extendable@0.1.1
81 silly currentTree +-- is-extglob@1.0.0
81 silly currentTree +-- is-finite@1.0.2
81 silly currentTree +-- is-fullwidth-code-point@1.0.0
81 silly currentTree +-- is-glob@2.0.1
81 silly currentTree +-- is-my-json-valid@2.16.0
81 silly currentTree +-- is-npm@1.0.0
81 silly currentTree +-- is-number@2.1.0
81 silly currentTree +-- is-obj@1.0.1
81 silly currentTree +-- is-posix-bracket@0.1.1
81 silly currentTree +-- is-primitive@2.0.0
81 silly currentTree +-- is-property@1.0.2
81 silly currentTree +-- is-redirect@1.0.0
81 silly currentTree +-- is-stream-ended@0.1.3
81 silly currentTree +-- is-stream@1.1.0
81 silly currentTree +-- is-typedarray@1.0.0
81 silly currentTree +-- is@3.2.1
81 silly currentTree +-- isarray@1.0.0
81 silly currentTree +-- isexe@2.0.0
81 silly currentTree +-- isobject@2.1.0
81 silly currentTree +-- isstream@0.1.2
81 silly currentTree +-- jsbn@0.1.1
81 silly currentTree +-- json-schema@0.2.3
81 silly currentTree +-- json-stable-stringify@1.0.1
81 silly currentTree +-- json-stringify-safe@5.0.1
81 silly currentTree +-- jsonify@0.0.0
81 silly currentTree +-- jsonpointer@4.0.1
81 silly currentTree +-- jsprim@1.4.0
81 silly currentTree | `-- assert-plus@1.0.0
81 silly currentTree +-- jwa@1.1.5
81 silly currentTree +-- jws@3.1.4
81 silly currentTree +-- kind-of@3.2.2
81 silly currentTree +-- latest-version@1.0.1
81 silly currentTree +-- lcid@1.0.0
81 silly currentTree +-- linear16@1.0.1
81 silly currentTree +-- lodash._baseassign@3.2.0
81 silly currentTree +-- lodash._basecopy@3.0.1
81 silly currentTree +-- lodash._bindcallback@3.0.1
81 silly currentTree +-- lodash._createassigner@3.1.1
81 silly currentTree +-- lodash._getnative@3.9.1
81 silly currentTree +-- lodash._isiterateecall@3.0.9
81 silly currentTree +-- lodash.assign@3.2.0
81 silly currentTree +-- lodash.defaults@3.1.2
81 silly currentTree +-- lodash.isarguments@3.1.0
81 silly currentTree +-- lodash.isarray@3.0.4
81 silly currentTree +-- lodash.keys@3.1.2
81 silly currentTree +-- lodash.noop@3.0.1
81 silly currentTree +-- lodash.restparam@3.6.1
81 silly currentTree +-- lodash@3.10.1
81 silly currentTree +-- log-driver@1.2.5
81 silly currentTree +-- long@3.2.0
81 silly currentTree +-- lowercase-keys@1.0.0
81 silly currentTree +-- map-stream@0.1.0
81 silly currentTree +-- media-typer@0.3.0
81 silly currentTree +-- merge-descriptors@1.0.1
81 silly currentTree +-- methmeth@1.1.0
81 silly currentTree +-- methods@1.1.2
81 silly currentTree +-- micromatch@2.3.11
81 silly currentTree +-- mime-db@1.27.0
81 silly currentTree +-- mime-types@2.1.15
81 silly currentTree +-- mime@1.3.4
81 silly currentTree +-- minimatch@3.0.4
81 silly currentTree +-- minimist@0.0.8
81 silly currentTree +-- mkdirp@0.5.1
81 silly currentTree +-- modelo@4.2.0
81 silly currentTree +-- ms@2.0.0
81 silly currentTree +-- nan@2.6.2
81 silly currentTree +-- negotiator@0.6.1
81 silly currentTree +-- nested-error-stacks@1.0.2
81 silly currentTree +-- node-forge@0.7.1
81 silly currentTree +-- node-record-lpcm16@0.3.0
81 silly currentTree +-- node-uuid@1.4.8
81 silly currentTree +-- nodemon@1.11.0
81 silly currentTree +-- nopt@1.0.10
81 silly currentTree +-- normalize-path@2.1.1
81 silly currentTree +-- number-is-nan@1.0.1
81 silly currentTree +-- oauth-sign@0.8.2
81 silly currentTree +-- object-assign@4.1.1
81 silly currentTree +-- object.omit@2.0.1
81 silly currentTree +-- on-finished@2.3.0
81 silly currentTree +-- once@1.3.3
81 silly currentTree +-- optimist@0.6.1
81 silly currentTree +-- options@0.0.6
81 silly currentTree +-- optjs@3.2.2
81 silly currentTree +-- os-homedir@1.0.2
81 silly currentTree +-- os-locale@1.4.0
81 silly currentTree +-- os-tmpdir@1.0.2
81 silly currentTree +-- osenv@0.1.4
81 silly currentTree +-- package-json@1.2.0
81 silly currentTree +-- parse-glob@3.0.4
81 silly currentTree +-- parseurl@1.3.1
81 silly currentTree +-- path-is-absolute@1.0.1
81 silly currentTree +-- path-to-regexp@0.1.7
81 silly currentTree +-- pause-stream@0.0.11
81 silly currentTree +-- performance-now@0.2.0
81 silly currentTree +-- pinkie-promise@2.0.1
81 silly currentTree +-- pinkie@2.0.4
81 silly currentTree +-- pkg-config@1.1.1
81 silly currentTree +-- prepend-http@1.0.4
81 silly currentTree +-- preserve@0.2.0
81 silly currentTree +-- process-nextick-args@1.0.7
81 silly currentTree +-- propprop@0.3.1
81 silly currentTree +-- protobufjs@5.0.2
81 silly currentTree +-- proxy-addr@1.1.4
81 silly currentTree +-- ps-tree@1.1.0
81 silly currentTree +-- pump@1.0.2
81 silly currentTree | `-- end-of-stream@1.4.0
81 silly currentTree |   `-- once@1.4.0
81 silly currentTree +-- pumpify@1.3.5
81 silly currentTree +-- punycode@1.4.1
81 silly currentTree +-- qs@6.4.0
81 silly currentTree +-- randomatic@1.1.7
81 silly currentTree | +-- is-number@3.0.0
81 silly currentTree | | `-- kind-of@3.2.2
81 silly currentTree | `-- kind-of@4.0.0
81 silly currentTree +-- range-parser@1.2.0
81 silly currentTree +-- rc@1.2.1
81 silly currentTree | `-- minimist@1.2.0
81 silly currentTree +-- read-all-stream@3.1.0
81 silly currentTree +-- readable-stream@2.2.11
81 silly currentTree +-- readdirp@2.1.0
81 silly currentTree +-- reduce-component@1.0.1
81 silly currentTree +-- regex-cache@0.4.3
81 silly currentTree +-- registry-url@3.1.0
81 silly currentTree +-- remove-trailing-separator@1.0.2
81 silly currentTree +-- repeat-element@1.1.2
81 silly currentTree +-- repeat-string@1.6.1
81 silly currentTree +-- repeating@1.1.3
81 silly currentTree +-- request@2.81.0
81 silly currentTree | +-- caseless@0.12.0
81 silly currentTree | +-- combined-stream@1.0.5
81 silly currentTree | +-- delayed-stream@1.0.0
81 silly currentTree | +-- extend@3.0.1
81 silly currentTree | +-- form-data@2.1.4
81 silly currentTree | +-- har-validator@4.2.1
81 silly currentTree | +-- tunnel-agent@0.6.0
81 silly currentTree | `-- uuid@3.1.0
81 silly currentTree +-- retry-request@2.0.5
81 silly currentTree +-- rimraf@2.2.8
81 silly currentTree +-- safe-buffer@5.0.1
81 silly currentTree +-- semver-diff@2.1.0
81 silly currentTree +-- semver@5.3.0
81 silly currentTree +-- send@0.15.3
81 silly currentTree +-- serve-static@1.12.3
81 silly currentTree +-- set-immediate-shim@1.0.1
81 silly currentTree +-- setprototypeof@1.0.3
81 silly currentTree +-- slide@1.1.6
81 silly currentTree +-- sntp@1.0.9
81 silly currentTree +-- source-map@0.1.34
81 silly currentTree +-- sox-stream@2.0.1
81 silly currentTree +-- sox@0.1.0
81 silly currentTree +-- split-array-stream@1.0.3
81 silly currentTree | +-- async@2.4.1
81 silly currentTree | `-- lodash@4.17.4
81 silly currentTree +-- split@0.3.3
81 silly currentTree +-- sshpk@1.13.1
81 silly currentTree | `-- assert-plus@1.0.0
81 silly currentTree +-- statuses@1.3.1
81 silly currentTree +-- stream-combiner@0.0.4
81 silly currentTree +-- stream-events@1.0.2
81 silly currentTree +-- stream-parser@0.3.1
81 silly currentTree +-- stream-shift@1.0.0
81 silly currentTree +-- streamers@0.1.1
81 silly currentTree +-- streamws@0.1.1
81 silly currentTree | `-- commander@0.6.1
81 silly currentTree +-- string_decoder@1.0.2
81 silly currentTree +-- string-format-obj@1.1.0
81 silly currentTree +-- string-length@1.0.1
81 silly currentTree +-- string-width@1.0.2
81 silly currentTree +-- stringstream@0.0.5
81 silly currentTree +-- strip-ansi@3.0.1
81 silly currentTree +-- strip-json-comments@2.0.1
81 silly currentTree +-- stubs@3.0.0
81 silly currentTree +-- superagent@1.2.0
81 silly currentTree | +-- isarray@0.0.1
81 silly currentTree | +-- methods@1.0.1
81 silly currentTree | +-- qs@2.3.3
81 silly currentTree | +-- readable-stream@1.0.27-1
81 silly currentTree | `-- string_decoder@0.10.31
81 silly currentTree +-- supports-color@2.0.0
81 silly currentTree +-- swig@1.4.2
81 silly currentTree +-- temp@0.8.3
81 silly currentTree +-- tempfile@1.1.1
81 silly currentTree +-- through@2.3.8
81 silly currentTree +-- through2@2.0.3
81 silly currentTree +-- timed-out@2.0.0
81 silly currentTree +-- tinycolor@0.0.1
81 silly currentTree +-- touch@1.0.0
81 silly currentTree +-- tough-cookie@2.3.2
81 silly currentTree +-- tunnel-agent@0.4.3
81 silly currentTree +-- tweetnacl@0.14.5
81 silly currentTree +-- type-is@1.6.15
81 silly currentTree +-- typedarray@0.0.6
81 silly currentTree +-- uglify-js@2.4.24
81 silly currentTree | +-- async@0.2.10
81 silly currentTree | +-- camelcase@1.2.1
81 silly currentTree | +-- window-size@0.1.0
81 silly currentTree | +-- wordwrap@0.0.2
81 silly currentTree | `-- yargs@3.5.4
81 silly currentTree +-- uglify-to-browserify@1.0.2
81 silly currentTree +-- undefsafe@0.0.3
81 silly currentTree +-- underscore@1.2.3
81 silly currentTree +-- unpipe@1.0.0
81 silly currentTree +-- update-notifier@0.5.0
81 silly currentTree +-- util-deprecate@1.0.2
81 silly currentTree +-- utils-merge@1.0.0
81 silly currentTree +-- uuid@2.0.3
81 silly currentTree +-- vary@1.1.1
81 silly currentTree +-- verror@1.3.6
81 silly currentTree +-- vows@0.6.1
81 silly currentTree +-- wav@1.0.1
81 silly currentTree | +-- isarray@0.0.1
81 silly currentTree | +-- readable-stream@1.1.14
81 silly currentTree | `-- string_decoder@0.10.31
81 silly currentTree +-- when@3.7.8
81 silly currentTree +-- which@1.2.14
81 silly currentTree +-- window-size@0.1.4
81 silly currentTree +-- wordwrap@0.0.3
81 silly currentTree +-- wrap-ansi@2.1.0
81 silly currentTree +-- wrappy@1.0.2
81 silly currentTree +-- write-file-atomic@1.3.4
81 silly currentTree +-- xdg-basedir@2.0.0
81 silly currentTree +-- xtend@4.0.1
81 silly currentTree +-- y18n@3.2.1
81 silly currentTree `-- yargs@3.32.0
82 silly idealTree node-site@1.0.0
82 silly idealTree +-- @google-cloud/common-grpc@0.3.6
82 silly idealTree | `-- extend@3.0.1
82 silly idealTree +-- @google-cloud/common@0.13.3
82 silly idealTree | `-- extend@3.0.1
82 silly idealTree +-- @google-cloud/speech@0.9.3
82 silly idealTree | `-- extend@3.0.1
82 silly idealTree +-- abbrev@1.1.0
82 silly idealTree +-- abc@0.5.1
82 silly idealTree +-- accepts@1.3.3
82 silly idealTree +-- ajv@4.11.8
82 silly idealTree +-- amdefine@1.0.1
82 silly idealTree +-- ansi-regex@2.1.1
82 silly idealTree +-- ansi-styles@2.2.1
82 silly idealTree +-- anymatch@1.3.0
82 silly idealTree +-- arguejs@0.2.3
82 silly idealTree +-- arr-diff@2.0.0
82 silly idealTree +-- arr-flatten@1.0.3
82 silly idealTree +-- array-flatten@1.1.1
82 silly idealTree +-- array-uniq@1.0.3
82 silly idealTree +-- array-unique@0.2.1
82 silly idealTree +-- arrify@1.0.1
82 silly idealTree +-- ascli@1.0.1
82 silly idealTree +-- asn1@0.2.3
82 silly idealTree +-- assert-plus@0.2.0
82 silly idealTree +-- async-each@1.0.1
82 silly idealTree +-- async@0.9.2
82 silly idealTree +-- asynckit@0.4.0
82 silly idealTree +-- aws-sign2@0.6.0
82 silly idealTree +-- aws4@1.6.0
82 silly idealTree +-- balanced-match@1.0.0
82 silly idealTree +-- base64url@2.0.0
82 silly idealTree +-- batch@0.3.2
82 silly idealTree +-- bcrypt-pbkdf@1.0.1
82 silly idealTree +-- binary-extensions@1.8.0
82 silly idealTree +-- binaryjs@0.2.1
82 silly idealTree +-- binarypack@0.0.4
82 silly idealTree +-- boom@2.10.1
82 silly idealTree +-- brace-expansion@1.1.8
82 silly idealTree +-- braces@1.8.5
82 silly idealTree +-- buffer-equal-constant-time@1.0.1
82 silly idealTree +-- buffercursor@0.0.12
82 silly idealTree | +-- assert-plus@1.0.0
82 silly idealTree | +-- extsprintf@1.3.0
82 silly idealTree | `-- verror@1.10.0
82 silly idealTree +-- bytebuffer@5.0.1
82 silly idealTree +-- camelcase@2.1.1
82 silly idealTree +-- capture-stack-trace@1.0.0
82 silly idealTree +-- caseless@0.11.0
82 silly idealTree +-- chalk@1.1.3
82 silly idealTree +-- chokidar@1.7.0
82 silly idealTree +-- cliui@3.2.0
82 silly idealTree +-- co@4.6.0
82 silly idealTree +-- code-point-at@1.1.0
82 silly idealTree +-- colour@0.7.1
82 silly idealTree +-- combined-stream@0.0.7
82 silly idealTree +-- commander@2.9.0
82 silly idealTree +-- component-emitter@1.1.2
82 silly idealTree +-- concat-map@0.0.1
82 silly idealTree +-- concat-stream@1.6.0
82 silly idealTree +-- configstore@1.4.0
82 silly idealTree +-- content-disposition@0.5.2
82 silly idealTree +-- content-type@1.0.2
82 silly idealTree +-- cookie-signature@1.0.6
82 silly idealTree +-- cookie@0.3.1
82 silly idealTree +-- cookiejar@2.0.1
82 silly idealTree +-- core-util-is@1.0.2
82 silly idealTree +-- create-error-class@3.0.2
82 silly idealTree +-- create-temp-file@1.0.0
82 silly idealTree +-- cryptiles@2.0.5
82 silly idealTree +-- dashdash@1.14.1
82 silly idealTree | `-- assert-plus@1.0.0
82 silly idealTree +-- debug-log@1.0.1
82 silly idealTree +-- debug@2.6.7
82 silly idealTree +-- decamelize@1.2.0
82 silly idealTree +-- deep-extend@0.4.2
82 silly idealTree +-- delayed-stream@0.0.5
82 silly idealTree +-- depd@1.1.0
82 silly idealTree +-- destroy@1.0.4
82 silly idealTree +-- dot-prop@2.4.0
82 silly idealTree +-- duplexer@0.1.1
82 silly idealTree +-- duplexify@3.5.0
82 silly idealTree +-- ecc-jsbn@0.1.1
82 silly idealTree +-- ecdsa-sig-formatter@1.0.9
82 silly idealTree +-- ee-first@1.1.1
82 silly idealTree +-- ejs@2.5.6
82 silly idealTree +-- encodeurl@1.0.1
82 silly idealTree +-- end-of-stream@1.0.0
82 silly idealTree +-- ent@2.2.0
82 silly idealTree +-- es6-promise@3.3.1
82 silly idealTree +-- escape-html@1.0.3
82 silly idealTree +-- escape-string-regexp@1.0.5
82 silly idealTree +-- etag@1.8.0
82 silly idealTree +-- event-stream@3.3.4
82 silly idealTree +-- events-intercept@2.0.0
82 silly idealTree +-- expand-brackets@0.1.5
82 silly idealTree +-- expand-range@1.8.2
82 silly idealTree +-- express-ejs-layouts@2.3.0
82 silly idealTree +-- express@4.15.3
82 silly idealTree +-- extend@1.2.1
82 silly idealTree +-- extglob@0.3.2
82 silly idealTree +-- extsprintf@1.0.2
82 silly idealTree +-- eyes@0.1.8
82 silly idealTree +-- ffmpeg@0.0.4
82 silly idealTree +-- filename-regex@2.0.1
82 silly idealTree +-- fill-range@2.2.3
82 silly idealTree +-- finalhandler@1.0.3
82 silly idealTree +-- find-root@1.0.0
82 silly idealTree +-- flac@0.3.0
82 silly idealTree +-- fluent-ffmpeg@2.1.2
82 silly idealTree +-- for-in@1.0.2
82 silly idealTree +-- for-own@0.1.5
82 silly idealTree +-- forever-agent@0.6.1
82 silly idealTree +-- form-data@0.2.0
82 silly idealTree | +-- mime-db@1.12.0
82 silly idealTree | `-- mime-types@2.0.14
82 silly idealTree +-- formidable@1.0.14
82 silly idealTree +-- forwarded@0.1.0
82 silly idealTree +-- fresh@0.5.0
82 silly idealTree +-- from@0.1.7
82 silly idealTree +-- fs.realpath@1.0.0
82 silly idealTree +-- fsa@0.5.1
82 silly idealTree +-- gcp-metadata@0.1.0
82 silly idealTree | +-- combined-stream@1.0.5
82 silly idealTree | +-- delayed-stream@1.0.0
82 silly idealTree | +-- extend@3.0.1
82 silly idealTree | +-- form-data@2.1.4
82 silly idealTree | +-- qs@6.3.2
82 silly idealTree | +-- request@2.76.0
82 silly idealTree | `-- retry-request@1.3.2
82 silly idealTree +-- generate-function@2.0.0
82 silly idealTree +-- generate-object-property@1.2.0
82 silly idealTree +-- getpass@0.1.7
82 silly idealTree | `-- assert-plus@1.0.0
82 silly idealTree +-- glob-base@0.3.0
82 silly idealTree +-- glob-parent@2.0.0
82 silly idealTree +-- glob@7.1.2
82 silly idealTree +-- google-auth-library@0.10.0
82 silly idealTree +-- google-auto-auth@0.6.1
82 silly idealTree | +-- async@2.4.1
82 silly idealTree | +-- lodash@4.17.4
82 silly idealTree | `-- object-assign@3.0.0
82 silly idealTree +-- google-gax@0.13.4
82 silly idealTree | +-- async@2.4.1
82 silly idealTree | +-- extend@3.0.1
82 silly idealTree | +-- google-auto-auth@0.5.4
82 silly idealTree | +-- google-proto-files@0.9.1
82 silly idealTree | +-- lodash@4.17.4
82 silly idealTree | `-- object-assign@3.0.0
82 silly idealTree +-- google-p12-pem@0.1.2
82 silly idealTree +-- google-proto-files@0.12.0
82 silly idealTree +-- google-speech-api@1.2.0
82 silly idealTree +-- got@3.3.1
82 silly idealTree | `-- object-assign@3.0.0
82 silly idealTree +-- graceful-fs@4.1.11
82 silly idealTree +-- graceful-readlink@1.0.1
82 silly idealTree +-- grpc@1.3.8
82 silly idealTree | +-- lodash@4.17.4
82 silly idealTree | `-- node-pre-gyp@0.6.36
82 silly idealTree |   +-- mkdirp@0.5.1
82 silly idealTree |   | `-- minimist@0.0.8
82 silly idealTree |   +-- nopt@4.0.1
82 silly idealTree |   | +-- abbrev@1.1.0
82 silly idealTree |   | `-- osenv@0.1.4
82 silly idealTree |   |   +-- os-homedir@1.0.2
82 silly idealTree |   |   `-- os-tmpdir@1.0.2
82 silly idealTree |   +-- npmlog@4.1.0
82 silly idealTree |   | +-- are-we-there-yet@1.1.4
82 silly idealTree |   | | +-- delegates@1.0.0
82 silly idealTree |   | | `-- readable-stream@2.2.10
82 silly idealTree |   | |   +-- core-util-is@1.0.2
82 silly idealTree |   | |   +-- inherits@2.0.3
82 silly idealTree |   | |   +-- isarray@1.0.0
82 silly idealTree |   | |   +-- process-nextick-args@1.0.7
82 silly idealTree |   | |   +-- safe-buffer@5.1.0
82 silly idealTree |   | |   +-- string_decoder@1.0.1
82 silly idealTree |   | |   `-- util-deprecate@1.0.2
82 silly idealTree |   | +-- console-control-strings@1.1.0
82 silly idealTree |   | +-- gauge@2.7.4
82 silly idealTree |   | | +-- aproba@1.1.2
82 silly idealTree |   | | +-- has-unicode@2.0.1
82 silly idealTree |   | | +-- object-assign@4.1.1
82 silly idealTree |   | | +-- signal-exit@3.0.2
82 silly idealTree |   | | +-- string-width@1.0.2
82 silly idealTree |   | | | +-- code-point-at@1.1.0
82 silly idealTree |   | | | `-- is-fullwidth-code-point@1.0.0
82 silly idealTree |   | | |   `-- number-is-nan@1.0.1
82 silly idealTree |   | | +-- strip-ansi@3.0.1
82 silly idealTree |   | | | `-- ansi-regex@2.1.1
82 silly idealTree |   | | `-- wide-align@1.1.2
82 silly idealTree |   | `-- set-blocking@2.0.0
82 silly idealTree |   +-- rc@1.2.1
82 silly idealTree |   | +-- deep-extend@0.4.2
82 silly idealTree |   | +-- ini@1.3.4
82 silly idealTree |   | +-- minimist@1.2.0
82 silly idealTree |   | `-- strip-json-comments@2.0.1
82 silly idealTree |   +-- request@2.81.0
82 silly idealTree |   | +-- aws-sign2@0.6.0
82 silly idealTree |   | +-- aws4@1.6.0
82 silly idealTree |   | +-- caseless@0.12.0
82 silly idealTree |   | +-- combined-stream@1.0.5
82 silly idealTree |   | | `-- delayed-stream@1.0.0
82 silly idealTree |   | +-- extend@3.0.1
82 silly idealTree |   | +-- forever-agent@0.6.1
82 silly idealTree |   | +-- form-data@2.1.4
82 silly idealTree |   | | `-- asynckit@0.4.0
82 silly idealTree |   | +-- har-validator@4.2.1
82 silly idealTree |   | | +-- ajv@4.11.8
82 silly idealTree |   | | | +-- co@4.6.0
82 silly idealTree |   | | | `-- json-stable-stringify@1.0.1
82 silly idealTree |   | | |   `-- jsonify@0.0.0
82 silly idealTree |   | | `-- har-schema@1.0.5
82 silly idealTree |   | +-- hawk@3.1.3
82 silly idealTree |   | | +-- boom@2.10.1
82 silly idealTree |   | | +-- cryptiles@2.0.5
82 silly idealTree |   | | +-- hoek@2.16.3
82 silly idealTree |   | | `-- sntp@1.0.9
82 silly idealTree |   | +-- http-signature@1.1.1
82 silly idealTree |   | | +-- assert-plus@0.2.0
82 silly idealTree |   | | +-- jsprim@1.4.0
82 silly idealTree |   | | | +-- assert-plus@1.0.0
82 silly idealTree |   | | | +-- extsprintf@1.0.2
82 silly idealTree |   | | | +-- json-schema@0.2.3
82 silly idealTree |   | | | `-- verror@1.3.6
82 silly idealTree |   | | `-- sshpk@1.13.0
82 silly idealTree |   | |   +-- asn1@0.2.3
82 silly idealTree |   | |   +-- assert-plus@1.0.0
82 silly idealTree |   | |   +-- bcrypt-pbkdf@1.0.1
82 silly idealTree |   | |   +-- dashdash@1.14.1
82 silly idealTree |   | |   +-- ecc-jsbn@0.1.1
82 silly idealTree |   | |   +-- getpass@0.1.7
82 silly idealTree |   | |   +-- jodid25519@1.0.2
82 silly idealTree |   | |   +-- jsbn@0.1.1
82 silly idealTree |   | |   `-- tweetnacl@0.14.5
82 silly idealTree |   | +-- is-typedarray@1.0.0
82 silly idealTree |   | +-- isstream@0.1.2
82 silly idealTree |   | +-- json-stringify-safe@5.0.1
82 silly idealTree |   | +-- mime-types@2.1.15
82 silly idealTree |   | | `-- mime-db@1.27.0
82 silly idealTree |   | +-- oauth-sign@0.8.2
82 silly idealTree |   | +-- performance-now@0.2.0
82 silly idealTree |   | +-- qs@6.4.0
82 silly idealTree |   | +-- safe-buffer@5.1.0
82 silly idealTree |   | +-- stringstream@0.0.5
82 silly idealTree |   | +-- tough-cookie@2.3.2
82 silly idealTree |   | | `-- punycode@1.4.1
82 silly idealTree |   | +-- tunnel-agent@0.6.0
82 silly idealTree |   | `-- uuid@3.0.1
82 silly idealTree |   +-- rimraf@2.6.1
82 silly idealTree |   | `-- glob@7.1.2
82 silly idealTree |   |   +-- fs.realpath@1.0.0
82 silly idealTree |   |   +-- inflight@1.0.6
82 silly idealTree |   |   | `-- wrappy@1.0.2
82 silly idealTree |   |   +-- inherits@2.0.3
82 silly idealTree |   |   +-- minimatch@3.0.4
82 silly idealTree |   |   | `-- brace-expansion@1.1.7
82 silly idealTree |   |   |   +-- balanced-match@0.4.2
82 silly idealTree |   |   |   `-- concat-map@0.0.1
82 silly idealTree |   |   +-- once@1.4.0
82 silly idealTree |   |   | `-- wrappy@1.0.2
82 silly idealTree |   |   `-- path-is-absolute@1.0.1
82 silly idealTree |   +-- semver@5.3.0
82 silly idealTree |   +-- tar-pack@3.4.0
82 silly idealTree |   | +-- debug@2.6.8
82 silly idealTree |   | | `-- ms@2.0.0
82 silly idealTree |   | +-- fstream-ignore@1.0.5
82 silly idealTree |   | | +-- inherits@2.0.3
82 silly idealTree |   | | `-- minimatch@3.0.4
82 silly idealTree |   | |   `-- brace-expansion@1.1.7
82 silly idealTree |   | |     +-- balanced-match@0.4.2
82 silly idealTree |   | |     `-- concat-map@0.0.1
82 silly idealTree |   | +-- fstream@1.0.11
82 silly idealTree |   | | +-- graceful-fs@4.1.11
82 silly idealTree |   | | `-- inherits@2.0.3
82 silly idealTree |   | +-- once@1.4.0
82 silly idealTree |   | | `-- wrappy@1.0.2
82 silly idealTree |   | +-- readable-stream@2.2.10
82 silly idealTree |   | | +-- core-util-is@1.0.2
82 silly idealTree |   | | +-- inherits@2.0.3
82 silly idealTree |   | | +-- isarray@1.0.0
82 silly idealTree |   | | +-- process-nextick-args@1.0.7
82 silly idealTree |   | | +-- safe-buffer@5.1.0
82 silly idealTree |   | | +-- string_decoder@1.0.1
82 silly idealTree |   | | `-- util-deprecate@1.0.2
82 silly idealTree |   | `-- uid-number@0.0.6
82 silly idealTree |   `-- tar@2.2.1
82 silly idealTree |     +-- block-stream@0.0.9
82 silly idealTree |     +-- fstream@1.0.11
82 silly idealTree |     | `-- graceful-fs@4.1.11
82 silly idealTree |     `-- inherits@2.0.3
82 silly idealTree +-- gtoken@1.2.2
82 silly idealTree +-- har-schema@1.0.5
82 silly idealTree +-- har-validator@2.0.6
82 silly idealTree +-- has-ansi@2.0.0
82 silly idealTree +-- hash-to-array@1.0.1
82 silly idealTree +-- hawk@3.1.3
82 silly idealTree +-- hoek@2.16.3
82 silly idealTree +-- http-errors@1.6.1
82 silly idealTree +-- http-signature@1.1.1
82 silly idealTree +-- ignore-by-default@1.0.1
82 silly idealTree +-- imurmurhash@0.1.4
82 silly idealTree +-- infinity-agent@2.0.3
82 silly idealTree +-- inflight@1.0.6
82 silly idealTree +-- inherits@2.0.3
82 silly idealTree +-- ini@1.3.4
82 silly idealTree +-- invert-kv@1.0.0
82 silly idealTree +-- ipaddr.js@1.3.0
82 silly idealTree +-- is-binary-path@1.0.1
82 silly idealTree +-- is-buffer@1.1.5
82 silly idealTree +-- is-dotfile@1.0.3
82 silly idealTree +-- is-equal-shallow@0.1.3
82 silly idealTree +-- is-extendable@0.1.1
82 silly idealTree +-- is-extglob@1.0.0
82 silly idealTree +-- is-finite@1.0.2
82 silly idealTree +-- is-fullwidth-code-point@1.0.0
82 silly idealTree +-- is-glob@2.0.1
82 silly idealTree +-- is-my-json-valid@2.16.0
82 silly idealTree +-- is-npm@1.0.0
82 silly idealTree +-- is-number@2.1.0
82 silly idealTree +-- is-obj@1.0.1
82 silly idealTree +-- is-posix-bracket@0.1.1
82 silly idealTree +-- is-primitive@2.0.0
82 silly idealTree +-- is-property@1.0.2
82 silly idealTree +-- is-redirect@1.0.0
82 silly idealTree +-- is-stream-ended@0.1.3
82 silly idealTree +-- is-stream@1.1.0
82 silly idealTree +-- is-typedarray@1.0.0
82 silly idealTree +-- is@3.2.1
82 silly idealTree +-- isarray@1.0.0
82 silly idealTree +-- isexe@2.0.0
82 silly idealTree +-- isobject@2.1.0
82 silly idealTree +-- isstream@0.1.2
82 silly idealTree +-- jsbn@0.1.1
82 silly idealTree +-- json-schema@0.2.3
82 silly idealTree +-- json-stable-stringify@1.0.1
82 silly idealTree +-- json-stringify-safe@5.0.1
82 silly idealTree +-- jsonify@0.0.0
82 silly idealTree +-- jsonpointer@4.0.1
82 silly idealTree +-- jsprim@1.4.0
82 silly idealTree | `-- assert-plus@1.0.0
82 silly idealTree +-- jwa@1.1.5
82 silly idealTree +-- jws@3.1.4
82 silly idealTree +-- kind-of@3.2.2
82 silly idealTree +-- latest-version@1.0.1
82 silly idealTree +-- lcid@1.0.0
82 silly idealTree +-- linear16@1.0.1
82 silly idealTree +-- lodash._baseassign@3.2.0
82 silly idealTree +-- lodash._basecopy@3.0.1
82 silly idealTree +-- lodash._bindcallback@3.0.1
82 silly idealTree +-- lodash._createassigner@3.1.1
82 silly idealTree +-- lodash._getnative@3.9.1
82 silly idealTree +-- lodash._isiterateecall@3.0.9
82 silly idealTree +-- lodash.assign@3.2.0
82 silly idealTree +-- lodash.defaults@3.1.2
82 silly idealTree +-- lodash.isarguments@3.1.0
82 silly idealTree +-- lodash.isarray@3.0.4
82 silly idealTree +-- lodash.keys@3.1.2
82 silly idealTree +-- lodash.noop@3.0.1
82 silly idealTree +-- lodash.restparam@3.6.1
82 silly idealTree +-- lodash@3.10.1
82 silly idealTree +-- log-driver@1.2.5
82 silly idealTree +-- long@3.2.0
82 silly idealTree +-- lowercase-keys@1.0.0
82 silly idealTree +-- map-stream@0.1.0
82 silly idealTree +-- media-typer@0.3.0
82 silly idealTree +-- merge-descriptors@1.0.1
82 silly idealTree +-- methmeth@1.1.0
82 silly idealTree +-- methods@1.1.2
82 silly idealTree +-- micromatch@2.3.11
82 silly idealTree +-- mime-db@1.27.0
82 silly idealTree +-- mime-types@2.1.15
82 silly idealTree +-- mime@1.3.4
82 silly idealTree +-- minimatch@3.0.4
82 silly idealTree +-- minimist@0.0.8
82 silly idealTree +-- mkdirp@0.5.1
82 silly idealTree +-- modelo@4.2.0
82 silly idealTree +-- ms@2.0.0
82 silly idealTree +-- nan@2.6.2
82 silly idealTree +-- negotiator@0.6.1
82 silly idealTree +-- nested-error-stacks@1.0.2
82 silly idealTree +-- node-forge@0.7.1
82 silly idealTree +-- node-record-lpcm16@0.3.0
82 silly idealTree +-- node-uuid@1.4.8
82 silly idealTree +-- nodemon@1.11.0
82 silly idealTree +-- nopt@1.0.10
82 silly idealTree +-- normalize-path@2.1.1
82 silly idealTree +-- number-is-nan@1.0.1
82 silly idealTree +-- oauth-sign@0.8.2
82 silly idealTree +-- object-assign@4.1.1
82 silly idealTree +-- object.omit@2.0.1
82 silly idealTree +-- on-finished@2.3.0
82 silly idealTree +-- once@1.3.3
82 silly idealTree +-- optimist@0.6.1
82 silly idealTree +-- options@0.0.6
82 silly idealTree +-- optjs@3.2.2
82 silly idealTree +-- os-homedir@1.0.2
82 silly idealTree +-- os-locale@1.4.0
82 silly idealTree +-- os-tmpdir@1.0.2
82 silly idealTree +-- osenv@0.1.4
82 silly idealTree +-- package-json@1.2.0
82 silly idealTree +-- parse-glob@3.0.4
82 silly idealTree +-- parseurl@1.3.1
82 silly idealTree +-- path-is-absolute@1.0.1
82 silly idealTree +-- path-to-regexp@0.1.7
82 silly idealTree +-- pause-stream@0.0.11
82 silly idealTree +-- performance-now@0.2.0
82 silly idealTree +-- pinkie-promise@2.0.1
82 silly idealTree +-- pinkie@2.0.4
82 silly idealTree +-- pkg-config@1.1.1
82 silly idealTree +-- pocketsphinx@5.0.7
82 silly idealTree +-- prepend-http@1.0.4
82 silly idealTree +-- preserve@0.2.0
82 silly idealTree +-- process-nextick-args@1.0.7
82 silly idealTree +-- propprop@0.3.1
82 silly idealTree +-- protobufjs@5.0.2
82 silly idealTree +-- proxy-addr@1.1.4
82 silly idealTree +-- ps-tree@1.1.0
82 silly idealTree +-- pump@1.0.2
82 silly idealTree | `-- end-of-stream@1.4.0
82 silly idealTree |   `-- once@1.4.0
82 silly idealTree +-- pumpify@1.3.5
82 silly idealTree +-- punycode@1.4.1
82 silly idealTree +-- qs@6.4.0
82 silly idealTree +-- randomatic@1.1.7
82 silly idealTree | +-- is-number@3.0.0
82 silly idealTree | | `-- kind-of@3.2.2
82 silly idealTree | `-- kind-of@4.0.0
82 silly idealTree +-- range-parser@1.2.0
82 silly idealTree +-- rc@1.2.1
82 silly idealTree | `-- minimist@1.2.0
82 silly idealTree +-- read-all-stream@3.1.0
82 silly idealTree +-- readable-stream@2.2.11
82 silly idealTree +-- readdirp@2.1.0
82 silly idealTree +-- reduce-component@1.0.1
82 silly idealTree +-- regex-cache@0.4.3
82 silly idealTree +-- registry-url@3.1.0
82 silly idealTree +-- remove-trailing-separator@1.0.2
82 silly idealTree +-- repeat-element@1.1.2
82 silly idealTree +-- repeat-string@1.6.1
82 silly idealTree +-- repeating@1.1.3
82 silly idealTree +-- request@2.81.0
82 silly idealTree | +-- caseless@0.12.0
82 silly idealTree | +-- combined-stream@1.0.5
82 silly idealTree | +-- delayed-stream@1.0.0
82 silly idealTree | +-- extend@3.0.1
82 silly idealTree | +-- form-data@2.1.4
82 silly idealTree | +-- har-validator@4.2.1
82 silly idealTree | +-- tunnel-agent@0.6.0
82 silly idealTree | `-- uuid@3.1.0
82 silly idealTree +-- retry-request@2.0.5
82 silly idealTree +-- rimraf@2.2.8
82 silly idealTree +-- safe-buffer@5.0.1
82 silly idealTree +-- semver-diff@2.1.0
82 silly idealTree +-- semver@5.3.0
82 silly idealTree +-- send@0.15.3
82 silly idealTree +-- serve-static@1.12.3
82 silly idealTree +-- set-immediate-shim@1.0.1
82 silly idealTree +-- setprototypeof@1.0.3
82 silly idealTree +-- slide@1.1.6
82 silly idealTree +-- sntp@1.0.9
82 silly idealTree +-- source-map@0.1.34
82 silly idealTree +-- sox-stream@2.0.1
82 silly idealTree +-- sox@0.1.0
82 silly idealTree +-- split-array-stream@1.0.3
82 silly idealTree | +-- async@2.4.1
82 silly idealTree | `-- lodash@4.17.4
82 silly idealTree +-- split@0.3.3
82 silly idealTree +-- sshpk@1.13.1
82 silly idealTree | `-- assert-plus@1.0.0
82 silly idealTree +-- statuses@1.3.1
82 silly idealTree +-- stream-combiner@0.0.4
82 silly idealTree +-- stream-events@1.0.2
82 silly idealTree +-- stream-parser@0.3.1
82 silly idealTree +-- stream-shift@1.0.0
82 silly idealTree +-- streamers@0.1.1
82 silly idealTree +-- streamws@0.1.1
82 silly idealTree | `-- commander@0.6.1
82 silly idealTree +-- string_decoder@1.0.2
82 silly idealTree +-- string-format-obj@1.1.0
82 silly idealTree +-- string-length@1.0.1
82 silly idealTree +-- string-width@1.0.2
82 silly idealTree +-- stringstream@0.0.5
82 silly idealTree +-- strip-ansi@3.0.1
82 silly idealTree +-- strip-json-comments@2.0.1
82 silly idealTree +-- stubs@3.0.0
82 silly idealTree +-- superagent@1.2.0
82 silly idealTree | +-- isarray@0.0.1
82 silly idealTree | +-- methods@1.0.1
82 silly idealTree | +-- qs@2.3.3
82 silly idealTree | +-- readable-stream@1.0.27-1
82 silly idealTree | `-- string_decoder@0.10.31
82 silly idealTree +-- supports-color@2.0.0
82 silly idealTree +-- swig@1.4.2
82 silly idealTree +-- temp@0.8.3
82 silly idealTree +-- tempfile@1.1.1
82 silly idealTree +-- through@2.3.8
82 silly idealTree +-- through2@2.0.3
82 silly idealTree +-- timed-out@2.0.0
82 silly idealTree +-- tinycolor@0.0.1
82 silly idealTree +-- touch@1.0.0
82 silly idealTree +-- tough-cookie@2.3.2
82 silly idealTree +-- tunnel-agent@0.4.3
82 silly idealTree +-- tweetnacl@0.14.5
82 silly idealTree +-- type-is@1.6.15
82 silly idealTree +-- typedarray@0.0.6
82 silly idealTree +-- uglify-js@2.4.24
82 silly idealTree | +-- async@0.2.10
82 silly idealTree | +-- camelcase@1.2.1
82 silly idealTree | +-- window-size@0.1.0
82 silly idealTree | +-- wordwrap@0.0.2
82 silly idealTree | `-- yargs@3.5.4
82 silly idealTree +-- uglify-to-browserify@1.0.2
82 silly idealTree +-- undefsafe@0.0.3
82 silly idealTree +-- underscore@1.2.3
82 silly idealTree +-- unpipe@1.0.0
82 silly idealTree +-- update-notifier@0.5.0
82 silly idealTree +-- util-deprecate@1.0.2
82 silly idealTree +-- utils-merge@1.0.0
82 silly idealTree +-- uuid@2.0.3
82 silly idealTree +-- vary@1.1.1
82 silly idealTree +-- verror@1.3.6
82 silly idealTree +-- vows@0.6.1
82 silly idealTree +-- wav@1.0.1
82 silly idealTree | +-- isarray@0.0.1
82 silly idealTree | +-- readable-stream@1.1.14
82 silly idealTree | `-- string_decoder@0.10.31
82 silly idealTree +-- when@3.7.8
82 silly idealTree +-- which@1.2.14
82 silly idealTree +-- window-size@0.1.4
82 silly idealTree +-- wordwrap@0.0.3
82 silly idealTree +-- wrap-ansi@2.1.0
82 silly idealTree +-- wrappy@1.0.2
82 silly idealTree +-- write-file-atomic@1.3.4
82 silly idealTree +-- xdg-basedir@2.0.0
82 silly idealTree +-- xtend@4.0.1
82 silly idealTree +-- y18n@3.2.1
82 silly idealTree `-- yargs@3.32.0
83 silly generateActionsToTake Starting
84 silly install generateActionsToTake
85 silly generateActionsToTake Finishing
86 silly diffTrees action count 1
87 silly diffTrees add pocketsphinx@5.0.7
88 silly decomposeActions action count 8
89 silly decomposeActions fetch pocketsphinx@5.0.7
90 silly decomposeActions extract pocketsphinx@5.0.7
91 silly decomposeActions test pocketsphinx@5.0.7
92 silly decomposeActions preinstall pocketsphinx@5.0.7
93 silly decomposeActions build pocketsphinx@5.0.7
94 silly decomposeActions install pocketsphinx@5.0.7
95 silly decomposeActions postinstall pocketsphinx@5.0.7
96 silly decomposeActions finalize pocketsphinx@5.0.7
97 silly runTopLevelLifecycles Starting
98 silly executeActions Starting
99 silly install executeActions
100 silly doSerial global-install 0
101 silly doParallel fetch 1
102 verbose correctMkdir C:\Users\Joydeep\AppData\Roaming\npm-cache\_locks correctMkdir not in flight; initializing
103 verbose lock using C:\Users\Joydeep\AppData\Roaming\npm-cache\_locks\staging-b7327fe8b7eb829e.lock for F:\Notes\Sydney Voice Assistant\node-site\node_modules\.staging
104 silly doParallel extract 1
105 silly extract pocketsphinx@5.0.7
106 verbose unbuild node_modules\.staging\pocketsphinx-11a755a8
107 silly gentlyRm F:\Notes\Sydney Voice Assistant\node-site\node_modules\.staging\pocketsphinx-11a755a8 is being purged from base F:\Notes\Sydney Voice Assistant\node-site
108 verbose gentlyRm don't care about contents; nuking F:\Notes\Sydney Voice Assistant\node-site\node_modules\.staging\pocketsphinx-11a755a8
109 verbose tar unpack C:\Users\Joydeep\AppData\Roaming\npm-cache\pocketsphinx\5.0.7\package.tgz
110 verbose tar unpacking to F:\Notes\Sydney Voice Assistant\node-site\node_modules\.staging\pocketsphinx-11a755a8
111 silly gentlyRm F:\Notes\Sydney Voice Assistant\node-site\node_modules\.staging\pocketsphinx-11a755a8 is being purged
112 verbose gentlyRm don't care about contents; nuking F:\Notes\Sydney Voice Assistant\node-site\node_modules\.staging\pocketsphinx-11a755a8
113 silly gunzTarPerm modes [ '777', '666' ]
114 silly gunzTarPerm extractEntry package.json
115 silly gunzTarPerm modified mode [ 'package.json', 436, 438 ]
116 silly gunzTarPerm extractEntry .npmignore
117 silly gunzTarPerm modified mode [ '.npmignore', 436, 438 ]
118 silly gunzTarPerm extractEntry README.md
119 silly gunzTarPerm modified mode [ 'README.md', 436, 438 ]
120 silly gunzTarPerm extractEntry LICENSE
121 silly gunzTarPerm modified mode [ 'LICENSE', 436, 438 ]
122 silly gunzTarPerm extractEntry index.js
123 silly gunzTarPerm modified mode [ 'index.js', 436, 438 ]
124 silly gunzTarPerm extractEntry CMakeLists.txt
125 silly gunzTarPerm modified mode [ 'CMakeLists.txt', 436, 438 ]
126 silly gunzTarPerm extractEntry demo/test.js
127 silly gunzTarPerm modified mode [ 'demo/test.js', 436, 438 ]
128 silly gunzTarPerm extractEntry pocketsphinx/CMakeLists.txt
129 silly gunzTarPerm modified mode [ 'pocketsphinx/CMakeLists.txt', 436, 438 ]
130 silly gunzTarPerm extractEntry sphinxbase/CMakeLists.txt
131 silly gunzTarPerm modified mode [ 'sphinxbase/CMakeLists.txt', 436, 438 ]
132 silly gentlyRm F:\Notes\Sydney Voice Assistant\node-site\node_modules\.staging\pocketsphinx-11a755a8\node_modules is being purged
133 verbose gentlyRm don't care about contents; nuking F:\Notes\Sydney Voice Assistant\node-site\node_modules\.staging\pocketsphinx-11a755a8\node_modules
134 silly doParallel preinstall 1
135 silly preinstall pocketsphinx@5.0.7 F:\Notes\Sydney Voice Assistant\node-site\node_modules\.staging\pocketsphinx-11a755a8
136 info lifecycle pocketsphinx@5.0.7~preinstall: pocketsphinx@5.0.7
137 silly lifecycle pocketsphinx@5.0.7~preinstall: no script for preinstall, continuing
138 silly doReverseSerial remove 0
139 silly doSerial move 0
140 silly doSerial finalize 1
141 silly finalize F:\Notes\Sydney Voice Assistant\node-site\node_modules\pocketsphinx
142 silly doSerial build 1
143 silly build pocketsphinx@5.0.7
144 info linkStuff pocketsphinx@5.0.7
145 silly linkStuff pocketsphinx@5.0.7 has F:\Notes\Sydney Voice Assistant\node-site\node_modules as its parent node_modules
146 verbose linkBins pocketsphinx@5.0.7
147 verbose linkMans pocketsphinx@5.0.7
148 silly doSerial global-link 0
149 silly doParallel update-linked 0
150 silly doSerial install 1
151 silly install pocketsphinx@5.0.7 F:\Notes\Sydney Voice Assistant\node-site\node_modules\.staging\pocketsphinx-11a755a8
152 info lifecycle pocketsphinx@5.0.7~install: pocketsphinx@5.0.7
153 verbose lifecycle pocketsphinx@5.0.7~install: unsafe-perm in lifecycle true
154 verbose lifecycle pocketsphinx@5.0.7~install: PATH: C:\Program Files\nodejs\node_modules\npm\bin\node-gyp-bin;F:\Notes\Sydney Voice Assistant\node-site\node_modules\pocketsphinx\node_modules\.bin;F:\Notes\Sydney Voice Assistant\node-site\node_modules\.bin;C:\Python27\;C:\Python27\Scripts;C:\ProgramData\Oracle\Java\javapath;C:\Program Files (x86)\Lenovo\FusionEngine;C:\Program Files (x86)\Intel\iCLS Client\;C:\Program Files\Intel\iCLS Client\;C:\Program Files (x86)\NVIDIA Corporation\PhysX\Common;C:\WINDOWS\system32;C:\WINDOWS;C:\WINDOWS\System32\Wbem;C:\WINDOWS\System32\WindowsPowerShell\v1.0\;C:\Program Files\Intel\Intel(R) Management Engine Components\DAL;C:\Program Files (x86)\Intel\Intel(R) Management Engine Components\DAL;C:\Program Files\Intel\Intel(R) Management Engine Components\IPT;C:\Program Files (x86)\Intel\Intel(R) Management Engine Components\IPT;C:\Program Files (x86)\Common Files\lenovo\easyplussdk\bin;C:\Program Files\MATLAB\R2011a\runtime\win64;C:\Program Files\MATLAB\R2011a\bin;C:\Program Files (x86)\MiKTeX 2.9\miktex\bin\;C:\Program Files\Java\jdk1.8.0_121\bin;C:\WINDOWS\system32;C:\WINDOWS;C:\WINDOWS\System32\Wbem;C:\WINDOWS\System32\WindowsPowerShell\v1.0\;C:\Program Files\Git\cmd;C:\Program Files\Microsoft SQL Server\130\Tools\Binn\;C:\Program Files\TortoiseGit\bin;C:\Program Files (x86)\Skype\Phone\;C:\Program Files\CMake\bin;C:\Program Files\mingw-w64\x86_64-6.3.0-posix-seh-rt_v5-rev2\mingw64\bin;C:\Program Files\Java\jdk1.8.0_121\bin;C:\ant\bin;F:\Notes\Video Analytics\OpenCV\opencv-3.2.0\build\install\java;C:\Program Files\nodejs\;C:\Program Files (x86)\Google\Cloud SDK\google-cloud-sdk\bin;F:\Notes\Sydney Voice Assistant\Software\swigwin-3.0.12\swigwin-3.0.12;F:\Notes\Sydney Voice Assistant\Software\pkg-config\pkg-config-lite-0.28-1_bin-win32\pkg-config-lite-0.28-1\bin;C:\Program Files\dotnet\;C:\Users\Joydeep\scoop\shims;C:\Users\Joydeep\AppData\Local\Programs\Python\Python35-32\Scripts\;C:\Users\Joydeep\AppData\Local\Programs\Python\Python35-32\;C:\Users\Joydeep\AppData\Local\Microsoft\WindowsApps;C:\Users\Joydeep\AppData\Roaming\npm;C:\Users\Joydeep\AppData\Local\atom\bin;F:\Notes\Sydney Voice Assistant\Software\swigwin-3.0.12\swigwin-3.0.12;F:\Notes\Sydney Voice Assistant\Software\pkg-config\pkg-config-lite-0.28-1_bin-win32\pkg-config-lite-0.28-1\bin;F:\Notes\Sydney Voice Assistant\node-pocketsphinx-master\node-pocketsphinx-master\sphinxbase\bin\Release\x64;F:\Notes\Sydney Voice Assistant\node-pocketsphinx-master\node-pocketsphinx-master\pocketsphinx\bin\Release\x64;
155 verbose lifecycle pocketsphinx@5.0.7~install: CWD: F:\Notes\Sydney Voice Assistant\node-site\node_modules\pocketsphinx
156 silly lifecycle pocketsphinx@5.0.7~install: Args: [ '/d /s /c', 'cmake-js compile' ]
157 silly lifecycle pocketsphinx@5.0.7~install: Returned: code: 1  signal: null
158 info lifecycle pocketsphinx@5.0.7~install: Failed to exec install script
159 verbose unlock done using C:\Users\Joydeep\AppData\Roaming\npm-cache\_locks\staging-b7327fe8b7eb829e.lock for F:\Notes\Sydney Voice Assistant\node-site\node_modules\.staging
160 silly rollbackFailedOptional Starting
161 silly rollbackFailedOptional Finishing
162 silly runTopLevelLifecycles Finishing
163 silly install printInstalled
164 warn optional SKIPPING OPTIONAL DEPENDENCY: fsevents@^1.0.0 (node_modules\chokidar\node_modules\fsevents):
165 warn notsup SKIPPING OPTIONAL DEPENDENCY: Unsupported platform for fsevents@1.1.2: wanted {"os":"darwin","arch":"any"} (current: {"os":"win32","arch":"x64"})
166 verbose notsup SKIPPING OPTIONAL DEPENDENCY: Valid OS:    darwin
166 verbose notsup SKIPPING OPTIONAL DEPENDENCY: Valid Arch:  any
166 verbose notsup SKIPPING OPTIONAL DEPENDENCY: Actual OS:   win32
166 verbose notsup SKIPPING OPTIONAL DEPENDENCY: Actual Arch: x64
167 warn node-site@1.0.0 No repository field.
168 verbose If you need help, you may report this error at:
168 verbose     <https://github.com/npm/npm/issues>
169 verbose stack Error: pocketsphinx@5.0.7 install: `cmake-js compile`
169 verbose stack Exit status 1
169 verbose stack     at EventEmitter.<anonymous> (C:\Program Files\nodejs\node_modules\npm\lib\utils\lifecycle.js:255:16)
169 verbose stack     at emitTwo (events.js:106:13)
169 verbose stack     at EventEmitter.emit (events.js:191:7)
169 verbose stack     at ChildProcess.<anonymous> (C:\Program Files\nodejs\node_modules\npm\lib\utils\spawn.js:40:14)
169 verbose stack     at emitTwo (events.js:106:13)
169 verbose stack     at ChildProcess.emit (events.js:191:7)
169 verbose stack     at maybeClose (internal/child_process.js:891:16)
169 verbose stack     at Process.ChildProcess._handle.onexit (internal/child_process.js:226:5)
170 verbose pkgid pocketsphinx@5.0.7
171 verbose cwd F:\Notes\Sydney Voice Assistant\node-site
172 error Windows_NT 10.0.15063
173 error argv "C:\\Program Files\\nodejs\\node.exe" "C:\\Program Files\\nodejs\\node_modules\\npm\\bin\\npm-cli.js" "install" "pocketsphinx"
174 error node v6.11.0
175 error npm  v3.10.10
176 error code ELIFECYCLE
177 error pocketsphinx@5.0.7 install: `cmake-js compile`
177 error Exit status 1
178 error Failed at the pocketsphinx@5.0.7 install script 'cmake-js compile'.
178 error Make sure you have the latest version of node.js and npm installed.
178 error If you do, this is most likely a problem with the pocketsphinx package,
178 error not with npm itself.
178 error Tell the author that this fails on your system:
178 error     cmake-js compile
178 error You can get information on how to open an issue for this project with:
178 error     npm bugs pocketsphinx
178 error Or if that isn't available, you can get their info via:
178 error     npm owner ls pocketsphinx
178 error There is likely additional logging output above.
179 verbose exit [ 1, true ]
